Using pre-set license
Built from '2022.3/staging' branch; Version is '2022.3.45f1 (a13dfa44d684) revision 10567162'; Using compiler version '192829333'; Build Type 'Release'
OS: 'Windows 11  (10.0.22631) 64bit Professional' Language: 'en' Physical Memory: 3987 MB
BatchMode: 1, IsHumanControllingUs: 0, StartBugReporterOnCrash: 0, Is64bit: 1, IsPro: 1

COMMAND LINE ARGUMENTS:
D:\Unity\2022.3.45f1\Editor\Unity.exe
-adb2
-batchMode
-noUpm
-name
AssetImportWorker1
-projectPath
D:/Project/vr-project
-logFile
Logs/AssetImportWorker1.log
-srvPort
59290
Successfully changed project path to: D:/Project/vr-project
D:/Project/vr-project
[UnityMemory] Configuration Parameters - Can be set up in boot.config
    "memorysetup-bucket-allocator-granularity=16"
    "memorysetup-bucket-allocator-bucket-count=8"
    "memorysetup-bucket-allocator-block-size=33554432"
    "memorysetup-bucket-allocator-block-count=8"
    "memorysetup-main-allocator-block-size=16777216"
    "memorysetup-thread-allocator-block-size=16777216"
    "memorysetup-gfx-main-allocator-block-size=16777216"
    "memorysetup-gfx-thread-allocator-block-size=16777216"
    "memorysetup-cache-allocator-block-size=4194304"
    "memorysetup-typetree-allocator-block-size=2097152"
    "memorysetup-profiler-bucket-allocator-granularity=16"
    "memorysetup-profiler-bucket-allocator-bucket-count=8"
    "memorysetup-profiler-bucket-allocator-block-size=33554432"
    "memorysetup-profiler-bucket-allocator-block-count=8"
    "memorysetup-profiler-allocator-block-size=16777216"
    "memorysetup-profiler-editor-allocator-block-size=1048576"
    "memorysetup-temp-allocator-size-main=16777216"
    "memorysetup-job-temp-allocator-block-size=2097152"
    "memorysetup-job-temp-allocator-block-size-background=1048576"
    "memorysetup-job-temp-allocator-reduction-small-platforms=262144"
    "memorysetup-allocator-temp-initial-block-size-main=262144"
    "memorysetup-allocator-temp-initial-block-size-worker=262144"
    "memorysetup-temp-allocator-size-background-worker=32768"
    "memorysetup-temp-allocator-size-job-worker=262144"
    "memorysetup-temp-allocator-size-preload-manager=33554432"
    "memorysetup-temp-allocator-size-nav-mesh-worker=65536"
    "memorysetup-temp-allocator-size-audio-worker=65536"
    "memorysetup-temp-allocator-size-cloud-worker=32768"
    "memorysetup-temp-allocator-size-gi-baking-worker=262144"
    "memorysetup-temp-allocator-size-gfx=262144"
Player connection [20572]  Target information:

Player connection [20572]  * "[IP] 192.168.1.10 [Port] 0 [Flags] 2 [Guid] 889043632 [EditorId] 889043632 [Version] 1048832 [Id] WindowsEditor(7,DESKTOP-O5CUSGT) [Debug] 1 [PackageName] WindowsEditor [ProjectName] Editor" 

Player connection [20572] Host joined multi-casting on [225.0.0.222:54997]...
Player connection [20572] Host joined alternative multi-casting on [225.0.0.222:34997]...
[PhysX] Initialized MultithreadedTaskDispatcher with 8 workers.
Refreshing native plugins compatible for Editor in 50.40 ms, found 3 plugins.
Preloading 0 native plugins for Editor in 0.00 ms.
Initialize engine version: 2022.3.45f1 (a13dfa44d684)
[Subsystems] Discovering subsystems at path D:/Unity/2022.3.45f1/Editor/Data/Resources/UnitySubsystems
[Subsystems] Discovering subsystems at path D:/Project/vr-project/Assets
GfxDevice: creating device client; threaded=0; jobified=0
Direct3D:
    Version:  Direct3D 11.0 [level 11.1]
    Renderer: Intel(R) UHD Graphics 620 (ID=0x5917)
    Vendor:   Intel
    VRAM:     1993 MB
    Driver:   31.0.101.2111
Initialize mono
Mono path[0] = 'D:/Unity/2022.3.45f1/Editor/Data/Managed'
Mono path[1] = 'D:/Unity/2022.3.45f1/Editor/Data/MonoBleedingEdge/lib/mono/unityjit-win32'
Mono config path = 'D:/Unity/2022.3.45f1/Editor/Data/MonoBleedingEdge/etc'
Using monoOptions --debugger-agent=transport=dt_socket,embedding=1,server=y,suspend=n,address=127.0.0.1:56476
Begin MonoManager ReloadAssembly
Registering precompiled unity dll's ...
Register platform support module: D:/Unity/2022.3.45f1/Editor/Data/PlaybackEngines/WebGLSupport/UnityEditor.WebGL.Extensions.dll
Register platform support module: D:/Unity/2022.3.45f1/Editor/Data/PlaybackEngines/WindowsStandaloneSupport/UnityEditor.WindowsStandalone.Extensions.dll
Registered in 0.019702 seconds.
- Loaded All Assemblies, in  2.102 seconds
Native extension for WindowsStandalone target not found
Native extension for WebGL target not found
Mono: successfully reloaded assembly
- Finished resetting the current domain, in  1.462 seconds
Domain Reload Profiling: 3565ms
	BeginReloadAssembly (551ms)
		ExecutionOrderSort (0ms)
		DisableScriptedObjects (0ms)
		BackupInstance (0ms)
		ReleaseScriptingObjects (0ms)
		CreateAndSetChildDomain (6ms)
	RebuildCommonClasses (165ms)
	RebuildNativeTypeToScriptingClass (72ms)
	initialDomainReloadingComplete (258ms)
	LoadAllAssembliesAndSetupDomain (1056ms)
		LoadAssemblies (545ms)
		RebuildTransferFunctionScriptingTraits (0ms)
		AnalyzeDomain (1043ms)
			TypeCache.Refresh (1034ms)
				TypeCache.ScanAssembly (950ms)
			ScanForSourceGeneratedMonoScriptInfo (3ms)
			ResolveRequiredComponents (2ms)
	FinalizeReload (1465ms)
		ReleaseScriptCaches (0ms)
		RebuildScriptCaches (0ms)
		SetupLoadedEditorAssemblies (1218ms)
			LogAssemblyErrors (0ms)
			InitializePlatformSupportModulesInManaged (63ms)
			SetLoadedEditorAssemblies (33ms)
			RefreshPlugins (0ms)
			BeforeProcessingInitializeOnLoad (15ms)
			ProcessInitializeOnLoadAttributes (889ms)
			ProcessInitializeOnLoadMethodAttributes (219ms)
			AfterProcessingInitializeOnLoad (0ms)
			EditorAssembliesLoaded (0ms)
		ExecutionOrderSort2 (0ms)
		AwakeInstancesAfterBackupRestoration (0ms)
========================================================================
Worker process is ready to serve import requests
Caller must complete domain reload
Begin MonoManager ReloadAssembly
- Loaded All Assemblies, in  6.367 seconds
Native extension for WindowsStandalone target not found
Native extension for WebGL target not found
Package Manager log level set to [2]
[Package Manager] Server::EnsureServerProcessIsRunning -- launch failed, reason: Unity was launched with the -noUpm command-line argument
[Package Manager] UpmClient::Send -- Unable to send message (not connected to UPM process).
[Package Manager] Cannot connect to Unity Package Manager local server
Mono: successfully reloaded assembly
- Finished resetting the current domain, in  4.691 seconds
Domain Reload Profiling: 11112ms
	BeginReloadAssembly (1332ms)
		ExecutionOrderSort (0ms)
		DisableScriptedObjects (21ms)
		BackupInstance (0ms)
		ReleaseScriptingObjects (5ms)
		CreateAndSetChildDomain (183ms)
	RebuildCommonClasses (167ms)
	RebuildNativeTypeToScriptingClass (40ms)
	initialDomainReloadingComplete (215ms)
	LoadAllAssembliesAndSetupDomain (4661ms)
		LoadAssemblies (2488ms)
		RebuildTransferFunctionScriptingTraits (0ms)
		AnalyzeDomain (2990ms)
			TypeCache.Refresh (2649ms)
				TypeCache.ScanAssembly (2252ms)
			ScanForSourceGeneratedMonoScriptInfo (271ms)
			ResolveRequiredComponents (59ms)
	FinalizeReload (4696ms)
		ReleaseScriptCaches (0ms)
		RebuildScriptCaches (0ms)
		SetupLoadedEditorAssemblies (3459ms)
			LogAssemblyErrors (0ms)
			InitializePlatformSupportModulesInManaged (53ms)
			SetLoadedEditorAssemblies (30ms)
			RefreshPlugins (0ms)
			BeforeProcessingInitializeOnLoad (386ms)
			ProcessInitializeOnLoadAttributes (2876ms)
			ProcessInitializeOnLoadMethodAttributes (104ms)
			AfterProcessingInitializeOnLoad (10ms)
			EditorAssembliesLoaded (2ms)
		ExecutionOrderSort2 (0ms)
		AwakeInstancesAfterBackupRestoration (26ms)
Launched and connected shader compiler UnityShaderCompiler.exe after 2.56 seconds
Refreshing native plugins compatible for Editor in 31.34 ms, found 3 plugins.
Preloading 0 native plugins for Editor in 0.00 ms.
Unloading 3464 Unused Serialized files (Serialized files now loaded: 0)
Unloading 20 unused Assets / (95.7 KB). Loaded Objects now: 3937.
Memory consumption went from 132.7 MB to 132.6 MB.
Total: 56.429400 ms (FindLiveObjects: 4.123200 ms CreateObjectMapping: 2.209500 ms MarkObjects: 42.591200 ms  DeleteObjects: 7.146500 ms)

AssetImportParameters requested are different than current active one (requested -> active):
  custom:container-demuxer-ogg: 62fdf1f143b41e24485cea50d1cbac27 -> 
  custom:video-codec-MediaFoundation-h265: 746d11721c4dcdbdad8f713fa42b33f4 -> 
  custom:video-decoder-ogg-theora: a1e56fd34408186e4bbccfd4996cb3dc -> 
  custom:framework-win-MediaFoundation: 216162199b28c13a410421893ffa2e32 -> 
  custom:CustomObjectIndexerAttribute: 9a22284fe3817be447336de3de66b15e -> 
  custom:container-demuxer-webm: 4f35f7cbe854078d1ac9338744f61a02 -> 
  custom:container-muxer-webm: aa71ff27fc2769a1b78a27578f13a17b -> 
  custom:video-decoder-webm-vp8: 9c59270c3fd7afecdb556c50c9e8de78 -> 
  custom:SearchIndexIgnoredProperties: e643bd26f0fe6173181afceb89e7c659 -> 
  custom:AudioImporter_EditorPlatform: d09bf68614088b80899f8185d706f6e7 -> 
  custom:video-encoder-webm-vp8: eb34c28f22e8b96e1ab97ce403110664 -> 
  custom:audio-decoder-ogg-vorbis: bf7c407c2cedff20999df2af8eb42d56 -> 
  custom:audio-encoder-webm-vorbis: bf7c407c2cedff20999df2af8eb42d56 -> 
========================================================================
Received Import Request.
  Time since last request: 1214067.234538 seconds.
  path: Assets/Materials/metal.mat
  artifactKey: Guid(53d785fdf263cba4dbb45120ee235462) Importer(815301076,1909f56bfc062723c751e8b465ee728b)
Start importing Assets/Materials/metal.mat using Guid(53d785fdf263cba4dbb45120ee235462) Importer(815301076,1909f56bfc062723c751e8b465ee728b) [PhysX] Initialized MultithreadedTaskDispatcher with 8 workers.
[PhysX] Initialized MultithreadedTaskDispatcher with 8 workers.
 -> (artifact id: 'df452ca54f7f3b339c911f8c5483d280') in 13.429830 seconds
Number of updated asset objects reloaded before import = 0
Number of asset objects unloaded after import = 2
========================================================================
Received Import Request.
  Time since last request: 130.417014 seconds.
  path: Assets/Texture/blackLeather.jpg
  artifactKey: Guid(7b0b915f871bf154e9c79dc0b4f155f5) Importer(815301076,1909f56bfc062723c751e8b465ee728b)
Start importing Assets/Texture/blackLeather.jpg using Guid(7b0b915f871bf154e9c79dc0b4f155f5) Importer(815301076,1909f56bfc062723c751e8b465ee728b) [PhysX] Initialized MultithreadedTaskDispatcher with 8 workers.
[PhysX] Initialized MultithreadedTaskDispatcher with 8 workers.
 -> (artifact id: '78b39f3700b79969eb2e753daa85c17c') in 1.590513 seconds
Number of updated asset objects reloaded before import = 0
Number of asset objects unloaded after import = 2
========================================================================
Received Import Request.
  Time since last request: 4084.989600 seconds.
  path: Assets/Materials/screen.mat
  artifactKey: Guid(06578cf0825f5c04f88d8dd664ad1d3c) Importer(815301076,1909f56bfc062723c751e8b465ee728b)
Start importing Assets/Materials/screen.mat using Guid(06578cf0825f5c04f88d8dd664ad1d3c) Importer(815301076,1909f56bfc062723c751e8b465ee728b) [PhysX] Initialized MultithreadedTaskDispatcher with 8 workers.
[PhysX] Initialized MultithreadedTaskDispatcher with 8 workers.
 -> (artifact id: 'd1527c0f2f3c730c749fea19f22c8511') in 1.239923 seconds
Number of updated asset objects reloaded before import = 0
Number of asset objects unloaded after import = 2
========================================================================
Received Import Request.
  Time since last request: 174.378041 seconds.
  path: Assets/Furniture_FREE/Prefabs/bathroom_item_001.prefab
  artifactKey: Guid(ebcde7b85f0afbb42983365ec2774818) Importer(815301076,1909f56bfc062723c751e8b465ee728b)
Start importing Assets/Furniture_FREE/Prefabs/bathroom_item_001.prefab using Guid(ebcde7b85f0afbb42983365ec2774818) Importer(815301076,1909f56bfc062723c751e8b465ee728b) [PhysX] Initialized MultithreadedTaskDispatcher with 8 workers.
[PhysX] Initialized MultithreadedTaskDispatcher with 8 workers.
 -> (artifact id: 'f4edb62277ada7636605be5d9972ffcf') in 0.831450 seconds
Number of updated asset objects reloaded before import = 0
Number of asset objects unloaded after import = 17
========================================================================
Received Import Request.
  Time since last request: 0.000190 seconds.
  path: Assets/Furniture_FREE/Prefabs/microwave_oven_001.prefab
  artifactKey: Guid(9212441ed0520ab47817284a41f94845) Importer(815301076,1909f56bfc062723c751e8b465ee728b)
Start importing Assets/Furniture_FREE/Prefabs/microwave_oven_001.prefab using Guid(9212441ed0520ab47817284a41f94845) Importer(815301076,1909f56bfc062723c751e8b465ee728b) [PhysX] Initialized MultithreadedTaskDispatcher with 8 workers.
[PhysX] Initialized MultithreadedTaskDispatcher with 8 workers.
 -> (artifact id: 'a4a3d1986d90e0d9050d27b2f17225a8') in 0.137973 seconds
Number of updated asset objects reloaded before import = 0
Number of asset objects unloaded after import = 17
========================================================================
Received Import Request.
  Time since last request: 0.000081 seconds.
  path: Assets/Furniture_FREE/Prefabs/clothes_002.prefab
  artifactKey: Guid(c935566373de4944689c3ab2d7f16480) Importer(815301076,1909f56bfc062723c751e8b465ee728b)
Start importing Assets/Furniture_FREE/Prefabs/clothes_002.prefab using Guid(c935566373de4944689c3ab2d7f16480) Importer(815301076,1909f56bfc062723c751e8b465ee728b) [PhysX] Initialized MultithreadedTaskDispatcher with 8 workers.
[PhysX] Initialized MultithreadedTaskDispatcher with 8 workers.
 -> (artifact id: 'e818b6d6aff14fcf46acc025a831aa5f') in 0.124952 seconds
Number of updated asset objects reloaded before import = 0
Number of asset objects unloaded after import = 17
========================================================================
Received Import Request.
  Time since last request: 0.000064 seconds.
  path: Assets/Furniture_FREE/Prefabs/dish_002.prefab
  artifactKey: Guid(4dd304aacd53d3c4589956b0fca9a8df) Importer(815301076,1909f56bfc062723c751e8b465ee728b)
Start importing Assets/Furniture_FREE/Prefabs/dish_002.prefab using Guid(4dd304aacd53d3c4589956b0fca9a8df) Importer(815301076,1909f56bfc062723c751e8b465ee728b) [PhysX] Initialized MultithreadedTaskDispatcher with 8 workers.
[PhysX] Initialized MultithreadedTaskDispatcher with 8 workers.
 -> (artifact id: '3f35bfdf92b4647255d5e23e1c0d25ef') in 0.139987 seconds
Number of updated asset objects reloaded before import = 0
Number of asset objects unloaded after import = 17
========================================================================
Received Import Request.
  Time since last request: 0.000186 seconds.
  path: Assets/Furniture_FREE/Prefabs/dumbbell_001.prefab
  artifactKey: Guid(f556d04045a305d4d8c954744120bad6) Importer(815301076,1909f56bfc062723c751e8b465ee728b)
Start importing Assets/Furniture_FREE/Prefabs/dumbbell_001.prefab using Guid(f556d04045a305d4d8c954744120bad6) Importer(815301076,1909f56bfc062723c751e8b465ee728b) [PhysX] Initialized MultithreadedTaskDispatcher with 8 workers.
[PhysX] Initialized MultithreadedTaskDispatcher with 8 workers.
 -> (artifact id: '5a02c7ac6dc7b22008e06250209be620') in 0.166296 seconds
Number of updated asset objects reloaded before import = 0
Number of asset objects unloaded after import = 17
========================================================================
Received Import Request.
  Time since last request: 0.000162 seconds.
  path: Assets/Furniture_FREE/Prefabs/toy_001.prefab
  artifactKey: Guid(eeaad410de59e8c408e89f8f1260dece) Importer(815301076,1909f56bfc062723c751e8b465ee728b)
Start importing Assets/Furniture_FREE/Prefabs/toy_001.prefab using Guid(eeaad410de59e8c408e89f8f1260dece) Importer(815301076,1909f56bfc062723c751e8b465ee728b) [PhysX] Initialized MultithreadedTaskDispatcher with 8 workers.
[PhysX] Initialized MultithreadedTaskDispatcher with 8 workers.
 -> (artifact id: 'd25b2cd53e6b6845bdf5990d1243a5f4') in 0.118935 seconds
Number of updated asset objects reloaded before import = 0
Number of asset objects unloaded after import = 17
========================================================================
Received Import Request.
  Time since last request: 0.000174 seconds.
  path: Assets/Furniture_FREE/Prefabs/lamp_001.prefab
  artifactKey: Guid(a47bc71942f460a47ab5fdebb4abd678) Importer(815301076,1909f56bfc062723c751e8b465ee728b)
Start importing Assets/Furniture_FREE/Prefabs/lamp_001.prefab using Guid(a47bc71942f460a47ab5fdebb4abd678) Importer(815301076,1909f56bfc062723c751e8b465ee728b) [PhysX] Initialized MultithreadedTaskDispatcher with 8 workers.
[PhysX] Initialized MultithreadedTaskDispatcher with 8 workers.
 -> (artifact id: '57d6e01ea548715dd2233f170bc348cc') in 0.111731 seconds
Number of updated asset objects reloaded before import = 0
Number of asset objects unloaded after import = 17
========================================================================
Received Import Request.
  Time since last request: 0.000045 seconds.
  path: Assets/Furniture_FREE/Prefabs/door_frame_001.prefab
  artifactKey: Guid(2c711d445f487fa49adbf49a47841599) Importer(815301076,1909f56bfc062723c751e8b465ee728b)
Start importing Assets/Furniture_FREE/Prefabs/door_frame_001.prefab using Guid(2c711d445f487fa49adbf49a47841599) Importer(815301076,1909f56bfc062723c751e8b465ee728b) [PhysX] Initialized MultithreadedTaskDispatcher with 8 workers.
[PhysX] Initialized MultithreadedTaskDispatcher with 8 workers.
 -> (artifact id: '3ccae62b71ead42d52d984b11aece689') in 0.172117 seconds
Number of updated asset objects reloaded before import = 0
Number of asset objects unloaded after import = 17
========================================================================
Received Import Request.
  Time since last request: 0.000092 seconds.
  path: Assets/Furniture_FREE/Prefabs/fridge_001.prefab
  artifactKey: Guid(a457d02d5bf10c9459386d5931ca3a94) Importer(815301076,1909f56bfc062723c751e8b465ee728b)
Start importing Assets/Furniture_FREE/Prefabs/fridge_001.prefab using Guid(a457d02d5bf10c9459386d5931ca3a94) Importer(815301076,1909f56bfc062723c751e8b465ee728b) [PhysX] Initialized MultithreadedTaskDispatcher with 8 workers.
[PhysX] Initialized MultithreadedTaskDispatcher with 8 workers.
 -> (artifact id: 'a513e232beb0f8b9e54b323e9717a4ff') in 0.090941 seconds
Number of updated asset objects reloaded before import = 0
Number of asset objects unloaded after import = 17
========================================================================
Received Import Request.
  Time since last request: 0.000053 seconds.
  path: Assets/Furniture_FREE/Prefabs/dish_001.prefab
  artifactKey: Guid(04d7a2c18c48996478ccd0fa2f0627f0) Importer(815301076,1909f56bfc062723c751e8b465ee728b)
Start importing Assets/Furniture_FREE/Prefabs/dish_001.prefab using Guid(04d7a2c18c48996478ccd0fa2f0627f0) Importer(815301076,1909f56bfc062723c751e8b465ee728b) [PhysX] Initialized MultithreadedTaskDispatcher with 8 workers.
[PhysX] Initialized MultithreadedTaskDispatcher with 8 workers.
 -> (artifact id: '22466c5f65532e8a9d30119d786f9ec6') in 0.117255 seconds
Number of updated asset objects reloaded before import = 0
Number of asset objects unloaded after import = 17
========================================================================
Received Import Request.
  Time since last request: 0.000053 seconds.
  path: Assets/Furniture_FREE/Prefabs/sofa_001.prefab
  artifactKey: Guid(c12cbdd8c7f58cc4e82747b66b152ca9) Importer(815301076,1909f56bfc062723c751e8b465ee728b)
Start importing Assets/Furniture_FREE/Prefabs/sofa_001.prefab using Guid(c12cbdd8c7f58cc4e82747b66b152ca9) Importer(815301076,1909f56bfc062723c751e8b465ee728b) [PhysX] Initialized MultithreadedTaskDispatcher with 8 workers.
[PhysX] Initialized MultithreadedTaskDispatcher with 8 workers.
 -> (artifact id: 'd640f36cb50af42aca198d5b25af9829') in 0.117204 seconds
Number of updated asset objects reloaded before import = 0
Number of asset objects unloaded after import = 17
========================================================================
Received Import Request.
  Time since last request: 0.000069 seconds.
  path: Assets/Furniture_FREE/Prefabs/clothes_001.prefab
  artifactKey: Guid(de5541a6f611e194dad2bc6ba668ed75) Importer(815301076,1909f56bfc062723c751e8b465ee728b)
Start importing Assets/Furniture_FREE/Prefabs/clothes_001.prefab using Guid(de5541a6f611e194dad2bc6ba668ed75) Importer(815301076,1909f56bfc062723c751e8b465ee728b) [PhysX] Initialized MultithreadedTaskDispatcher with 8 workers.
[PhysX] Initialized MultithreadedTaskDispatcher with 8 workers.
 -> (artifact id: '4befaca0b2db429752ba374809cc2217') in 0.142048 seconds
Number of updated asset objects reloaded before import = 0
Number of asset objects unloaded after import = 17
========================================================================
Received Import Request.
  Time since last request: 0.000182 seconds.
  path: Assets/Furniture_FREE/Prefabs/washing_machine_001.prefab
  artifactKey: Guid(2343b3a108edf9a49b06659f0928a030) Importer(815301076,1909f56bfc062723c751e8b465ee728b)
Start importing Assets/Furniture_FREE/Prefabs/washing_machine_001.prefab using Guid(2343b3a108edf9a49b06659f0928a030) Importer(815301076,1909f56bfc062723c751e8b465ee728b) [PhysX] Initialized MultithreadedTaskDispatcher with 8 workers.
[PhysX] Initialized MultithreadedTaskDispatcher with 8 workers.
 -> (artifact id: '8aa19bb8e3cb283c5d348b5a0140bec4') in 0.140794 seconds
Number of updated asset objects reloaded before import = 0
Number of asset objects unloaded after import = 17
========================================================================
Received Import Request.
  Time since last request: 0.000072 seconds.
  path: Assets/Furniture_FREE/Prefabs/ketchup_001.prefab
  artifactKey: Guid(5895ab0d93729844eb987d6034e2908c) Importer(815301076,1909f56bfc062723c751e8b465ee728b)
Start importing Assets/Furniture_FREE/Prefabs/ketchup_001.prefab using Guid(5895ab0d93729844eb987d6034e2908c) Importer(815301076,1909f56bfc062723c751e8b465ee728b) [PhysX] Initialized MultithreadedTaskDispatcher with 8 workers.
[PhysX] Initialized MultithreadedTaskDispatcher with 8 workers.
 -> (artifact id: '75292d45dbc354024be7f0c2a94ddebc') in 0.141059 seconds
Number of updated asset objects reloaded before import = 0
Number of asset objects unloaded after import = 17
========================================================================
Received Import Request.
  Time since last request: 0.000104 seconds.
  path: Assets/Furniture_FREE/Prefabs/dresser_001.prefab
  artifactKey: Guid(2ba5ac2de7ff0764e8874d18fcb4484c) Importer(815301076,1909f56bfc062723c751e8b465ee728b)
Start importing Assets/Furniture_FREE/Prefabs/dresser_001.prefab using Guid(2ba5ac2de7ff0764e8874d18fcb4484c) Importer(815301076,1909f56bfc062723c751e8b465ee728b) [PhysX] Initialized MultithreadedTaskDispatcher with 8 workers.
[PhysX] Initialized MultithreadedTaskDispatcher with 8 workers.
 -> (artifact id: 'e9f8d1fb25a02d72281da09e3e9be641') in 0.135292 seconds
Number of updated asset objects reloaded before import = 0
Number of asset objects unloaded after import = 17
========================================================================
Received Import Request.
  Time since last request: 0.000160 seconds.
  path: Assets/Furniture_FREE/Prefabs/lounge_chair_001.prefab
  artifactKey: Guid(4c4b2b0935db72a45a61b3a6e86d95bf) Importer(815301076,1909f56bfc062723c751e8b465ee728b)
Start importing Assets/Furniture_FREE/Prefabs/lounge_chair_001.prefab using Guid(4c4b2b0935db72a45a61b3a6e86d95bf) Importer(815301076,1909f56bfc062723c751e8b465ee728b) [PhysX] Initialized MultithreadedTaskDispatcher with 8 workers.
[PhysX] Initialized MultithreadedTaskDispatcher with 8 workers.
 -> (artifact id: '198973b93ef39c964af74243a7c23296') in 0.114169 seconds
Number of updated asset objects reloaded before import = 0
Number of asset objects unloaded after import = 17
========================================================================
Received Import Request.
  Time since last request: 0.000153 seconds.
  path: Assets/Furniture_FREE/Prefabs/coffee_table_001.prefab
  artifactKey: Guid(9f9cd54077faf65438d05b189cdde7f5) Importer(815301076,1909f56bfc062723c751e8b465ee728b)
Start importing Assets/Furniture_FREE/Prefabs/coffee_table_001.prefab using Guid(9f9cd54077faf65438d05b189cdde7f5) Importer(815301076,1909f56bfc062723c751e8b465ee728b) [PhysX] Initialized MultithreadedTaskDispatcher with 8 workers.
[PhysX] Initialized MultithreadedTaskDispatcher with 8 workers.
 -> (artifact id: 'd3d919fb84ac3be94d10a6af4c980d0a') in 0.123525 seconds
Number of updated asset objects reloaded before import = 0
Number of asset objects unloaded after import = 17
========================================================================
Received Import Request.
  Time since last request: 0.000540 seconds.
  path: Assets/Furniture_FREE/Prefabs/musical_instrument_001.prefab
  artifactKey: Guid(ff8bf27806498b14db60a3c20a21eec2) Importer(815301076,1909f56bfc062723c751e8b465ee728b)
Start importing Assets/Furniture_FREE/Prefabs/musical_instrument_001.prefab using Guid(ff8bf27806498b14db60a3c20a21eec2) Importer(815301076,1909f56bfc062723c751e8b465ee728b) [PhysX] Initialized MultithreadedTaskDispatcher with 8 workers.
[PhysX] Initialized MultithreadedTaskDispatcher with 8 workers.
 -> (artifact id: 'caf025e27e65d7b469ec74705771dc31') in 0.091678 seconds
Number of updated asset objects reloaded before import = 0
Number of asset objects unloaded after import = 17
Editor requested this worker to shutdown with reason: Scaling down because of idle timeout
TcpMessagingSession - receive error: operation aborted. errorcode: 995, details: The I/O operation has been aborted because of either a thread exit or an application request.
AssetImportWorker is now disconnected from the server
Process exiting
Exiting without the bug reporter. Application will terminate with return code 0